> Task :compileJava UP-TO-DATE
> Task :processResources UP-TO-DATE
> Task :classes UP-TO-DATE
> Task :resolveMainClassName UP-TO-DATE

> Task :bootRun

  .   ____          _            __ _ _
 /\\ / ___'_ __ _ _(_)_ __  __ _ \ \ \ \
( ( )\___ | '_ | '_| | '_ \/ _` | \ \ \ \
 \\/  ___)| |_)| | | | | || (_| |  ) ) ) )
  '  |____| .__|_| |_|_| |_\__, | / / / /
 =========|_|==============|___/=/_/_/_/

 :: Spring Boot ::                (v3.5.6)

2025-09-29T21:39:59.032+07:00  INFO 99231 --- [demo] [           main] com.example.demo.DemoApplication         : Starting DemoApplication using Java 21.0.8 with PID 99231 (/Users/trandinhquangminh/Codespace/ptuddn-t3/demo/build/classes/java/main started by trandinhquangminh in /Users/trandinhquangminh/Codespace/ptuddn-t3/demo)
2025-09-29T21:39:59.033+07:00 DEBUG 99231 --- [demo] [           main] com.example.demo.DemoApplication         : Running with Spring Boot v3.5.6, Spring v6.2.11
2025-09-29T21:39:59.033+07:00  INFO 99231 --- [demo] [           main] com.example.demo.DemoApplication         : No active profile set, falling back to 1 default profile: "default"
2025-09-29T21:39:59.377+07:00  INFO 99231 --- [demo] [           main] .s.d.r.c.RepositoryConfigurationDelegate : Bootstrapping Spring Data JPA repositories in DEFAULT mode.
2025-09-29T21:39:59.399+07:00  INFO 99231 --- [demo] [           main] .s.d.r.c.RepositoryConfigurationDelegate : Finished Spring Data repository scanning in 18 ms. Found 2 JPA repository interfaces.
2025-09-29T21:39:59.615+07:00  INFO 99231 --- [demo] [           main] o.s.b.w.embedded.tomcat.TomcatWebServer  : Tomcat initialized with port 8081 (http)
2025-09-29T21:39:59.622+07:00  INFO 99231 --- [demo] [           main] o.apache.catalina.core.StandardService   : Starting service [Tomcat]
2025-09-29T21:39:59.622+07:00  INFO 99231 --- [demo] [           main] o.apache.catalina.core.StandardEngine    : Starting Servlet engine: [Apache Tomcat/10.1.46]
2025-09-29T21:39:59.644+07:00  INFO 99231 --- [demo] [           main] o.a.c.c.C.[Tomcat].[localhost].[/]       : Initializing Spring embedded WebApplicationContext
2025-09-29T21:39:59.644+07:00  INFO 99231 --- [demo] [           main] w.s.c.ServletWebServerApplicationContext : Root WebApplicationContext: initialization completed in 594 ms
2025-09-29T21:39:59.702+07:00  INFO 99231 --- [demo] [           main] o.hibernate.jpa.internal.util.LogHelper  : HHH000204: Processing PersistenceUnitInfo [name: default]
2025-09-29T21:39:59.729+07:00  INFO 99231 --- [demo] [           main] org.hibernate.Version                    : HHH000412: Hibernate ORM core version 6.6.29.Final
2025-09-29T21:39:59.742+07:00  INFO 99231 --- [demo] [           main] o.h.c.internal.RegionFactoryInitiator    : HHH000026: Second-level cache disabled
2025-09-29T21:39:59.870+07:00  INFO 99231 --- [demo] [           main] o.s.o.j.p.SpringPersistenceUnitInfo      : No LoadTimeWeaver setup: ignoring JPA class transformer
2025-09-29T21:39:59.882+07:00  INFO 99231 --- [demo] [           main] com.zaxxer.hikari.HikariDataSource       : HikariPool-1 - Starting...
2025-09-29T21:39:59.945+07:00  INFO 99231 --- [demo] [           main] com.zaxxer.hikari.pool.HikariPool        : HikariPool-1 - Added connection conn0: url=jdbc:h2:mem:testdb user=SA
2025-09-29T21:39:59.946+07:00  INFO 99231 --- [demo] [           main] com.zaxxer.hikari.HikariDataSource       : HikariPool-1 - Start completed.
2025-09-29T21:39:59.956+07:00  WARN 99231 --- [demo] [           main] org.hibernate.orm.deprecation            : HHH90000025: H2Dialect does not need to be specified explicitly using 'hibernate.dialect' (remove the property setting and it will be selected by default)
2025-09-29T21:39:59.964+07:00  INFO 99231 --- [demo] [           main] org.hibernate.orm.connections.pooling    : HHH10001005: Database info:
	Database JDBC URL [Connecting through datasource 'HikariDataSource (HikariPool-1)']
	Database driver: undefined/unknown
	Database version: 2.3.232
	Autocommit mode: undefined/unknown
	Isolation level: undefined/unknown
	Minimum pool size: undefined/unknown
	Maximum pool size: undefined/unknown
2025-09-29T21:40:00.345+07:00  INFO 99231 --- [demo] [           main] o.h.e.t.j.p.i.JtaPlatformInitiator       : HHH000489: No JTA platform available (set 'hibernate.transaction.jta.platform' to enable JTA platform integration)
Hibernate: drop table if exists blogs cascade 
Hibernate: drop table if exists users cascade 
Hibernate: create table blogs (author_id bigint, created_at timestamp(6), id bigint generated by default as identity, updated_at timestamp(6), title varchar(200) not null, content TEXT not null, primary key (id))
Hibernate: create table users (created_at timestamp(6), id bigint generated by default as identity, username varchar(50) not null unique, email varchar(100) not null unique, password varchar(100) not null, role enum ('ADMIN','USER'), primary key (id))
Hibernate: alter table if exists blogs add constraint FKt8g0udj2fq40771g38t2t011n foreign key (author_id) references users
2025-09-29T21:40:00.369+07:00  INFO 99231 --- [demo] [           main] j.LocalContainerEntityManagerFactoryBean : Initialized JPA EntityManagerFactory for persistence unit 'default'
2025-09-29T21:40:00.523+07:00 DEBUG 99231 --- [demo] [           main] c.e.d.security.JwtAuthenticationFilter   : Filter 'jwtAuthenticationFilter' configured for use
2025-09-29T21:40:00.566+07:00  INFO 99231 --- [demo] [           main] eAuthenticationProviderManagerConfigurer : Global AuthenticationManager configured with AuthenticationProvider bean with name authenticationProvider
2025-09-29T21:40:00.566+07:00  WARN 99231 --- [demo] [           main] r$InitializeUserDetailsManagerConfigurer : Global AuthenticationManager configured with an AuthenticationProvider bean. UserDetailsService beans will not be used by Spring Security for automatically configuring username/password login. Consider removing the AuthenticationProvider bean. Alternatively, consider using the UserDetailsService in a manually instantiated DaoAuthenticationProvider. If the current configuration is intentional, to turn off this warning, increase the logging level of 'org.springframework.security.config.annotation.authentication.configuration.InitializeUserDetailsBeanManagerConfigurer' to ERROR
2025-09-29T21:40:00.590+07:00  WARN 99231 --- [demo] [           main] JpaBaseConfiguration$JpaWebConfiguration : spring.jpa.open-in-view is enabled by default. Therefore, database queries may be performed during view rendering. Explicitly configure spring.jpa.open-in-view to disable this warning
2025-09-29T21:40:00.834+07:00  INFO 99231 --- [demo] [           main] o.s.b.a.h2.H2ConsoleAutoConfiguration    : H2 console available at '/h2-console'. Database available at 'jdbc:h2:mem:testdb'
2025-09-29T21:40:00.875+07:00  INFO 99231 --- [demo] [           main] o.s.b.w.embedded.tomcat.TomcatWebServer  : Tomcat started on port 8081 (http) with context path '/'
2025-09-29T21:40:00.879+07:00  INFO 99231 --- [demo] [           main] com.example.demo.DemoApplication         : Started DemoApplication in 2.022 seconds (process running for 2.163)
Hibernate: select u1_0.id from users u1_0 where u1_0.username=? fetch first ? rows only
Hibernate: insert into users (created_at,email,password,role,username,id) values (?,?,?,?,?,default)
Hibernate: select u1_0.id from users u1_0 where u1_0.username=? fetch first ? rows only
Hibernate: insert into users (created_at,email,password,role,username,id) values (?,?,?,?,?,default)
Hibernate: select count(*) from blogs b1_0
Hibernate: select u1_0.id,u1_0.created_at,u1_0.email,u1_0.password,u1_0.role,u1_0.username from users u1_0 where u1_0.username=?
Hibernate: select u1_0.id,u1_0.created_at,u1_0.email,u1_0.password,u1_0.role,u1_0.username from users u1_0 where u1_0.username=?
Hibernate: insert into blogs (author_id,content,created_at,title,updated_at,id) values (?,?,?,?,?,default)
Hibernate: insert into blogs (author_id,content,created_at,title,updated_at,id) values (?,?,?,?,?,default)
Hibernate: insert into blogs (author_id,content,created_at,title,updated_at,id) values (?,?,?,?,?,default)
2025-09-29T21:40:13.694+07:00  INFO 99231 --- [demo] [nio-8081-exec-1] o.a.c.c.C.[Tomcat].[localhost].[/]       : Initializing Spring DispatcherServlet 'dispatcherServlet'
2025-09-29T21:40:13.694+07:00  INFO 99231 --- [demo] [nio-8081-exec-1] o.s.web.servlet.DispatcherServlet        : Initializing Servlet 'dispatcherServlet'
2025-09-29T21:40:13.695+07:00  INFO 99231 --- [demo] [nio-8081-exec-1] o.s.web.servlet.DispatcherServlet        : Completed initialization in 1 ms
Hibernate: select u1_0.id,u1_0.created_at,u1_0.email,u1_0.password,u1_0.role,u1_0.username from users u1_0 where u1_0.username=?
Hibernate: select u1_0.id,u1_0.created_at,u1_0.email,u1_0.password,u1_0.role,u1_0.username from users u1_0 where u1_0.username=?
Hibernate: select u1_0.id,u1_0.created_at,u1_0.email,u1_0.password,u1_0.role,u1_0.username from users u1_0 where u1_0.username=?
Hibernate: select u1_0.id,u1_0.created_at,u1_0.email,u1_0.password,u1_0.role,u1_0.username from users u1_0 where u1_0.username=?
Hibernate: select u1_0.id,u1_0.created_at,u1_0.email,u1_0.password,u1_0.role,u1_0.username from users u1_0 where u1_0.username=?
Hibernate: select b1_0.id,b1_0.author_id,b1_0.content,b1_0.created_at,b1_0.title,b1_0.updated_at from blogs b1_0
Hibernate: select u1_0.id,u1_0.created_at,u1_0.email,u1_0.password,u1_0.role,u1_0.username from users u1_0 where u1_0.id=?
Hibernate: select b1_0.author_id,b1_0.id,b1_0.content,b1_0.created_at,b1_0.title,b1_0.updated_at from blogs b1_0 where b1_0.author_id=?
2025-09-29T21:40:51.565+07:00  WARN 99231 --- [demo] [nio-8081-exec-4] .w.s.m.s.DefaultHandlerExceptionResolver : Ignoring exception, response committed already: org.springframework.http.converter.HttpMessageNotWritableException: Could not write JSON: Document nesting depth (1001) exceeds the maximum allowed (1000, from `StreamWriteConstraints.getMaxNestingDepth()`)
2025-09-29T21:40:51.566+07:00  WARN 99231 --- [demo] [nio-8081-exec-4] .w.s.m.s.DefaultHandlerExceptionResolver : Resolved [org.springframework.http.converter.HttpMessageNotWritableException: Could not write JSON: Document nesting depth (1001) exceeds the maximum allowed (1000, from `StreamWriteConstraints.getMaxNestingDepth()`)]
Hibernate: select u1_0.id,u1_0.created_at,u1_0.email,u1_0.password,u1_0.role,u1_0.username from users u1_0 where u1_0.username=?
Hibernate: select u1_0.id,u1_0.created_at,u1_0.email,u1_0.password,u1_0.role,u1_0.username from users u1_0 where u1_0.username=?
Hibernate: insert into blogs (author_id,content,created_at,title,updated_at,id) values (?,?,?,?,?,default)
Hibernate: select b1_0.author_id,b1_0.id,b1_0.content,b1_0.created_at,b1_0.title,b1_0.updated_at from blogs b1_0 where b1_0.author_id=?
2025-09-29T21:41:08.959+07:00  WARN 99231 --- [demo] [nio-8081-exec-6] .w.s.m.s.DefaultHandlerExceptionResolver : Ignoring exception, response committed already: org.springframework.http.converter.HttpMessageNotWritableException: Could not write JSON: Document nesting depth (1001) exceeds the maximum allowed (1000, from `StreamWriteConstraints.getMaxNestingDepth()`)
2025-09-29T21:41:08.959+07:00  WARN 99231 --- [demo] [nio-8081-exec-6] .w.s.m.s.DefaultHandlerExceptionResolver : Resolved [org.springframework.http.converter.HttpMessageNotWritableException: Could not write JSON: Document nesting depth (1001) exceeds the maximum allowed (1000, from `StreamWriteConstraints.getMaxNestingDepth()`)]
